Determining if the pthread_create exist failed with the following output:
Change Dir: /media/nagatoyuki/studying!!!0(>o<)0/真的学习/UCB/CS 184_ Computer Graphics/projects/final_project/build/CMakeFiles/CMakeTmp

Run Build Command(s):/usr/bin/make cmTC_f481c/fast 
/usr/bin/make -f CMakeFiles/cmTC_f481c.dir/build.make CMakeFiles/cmTC_f481c.dir/build
make[1]: 进入目录“/media/nagatoyuki/studying!!!0(>o<)0/真的学习/UCB/CS 184_ Computer Graphics/projects/final_project/build/CMakeFiles/CMakeTmp”
Building C object CMakeFiles/cmTC_f481c.dir/CheckSymbolExists.c.o
/usr/bin/cc    -o CMakeFiles/cmTC_f481c.dir/CheckSymbolExists.c.o   -c "/media/nagatoyuki/studying!!!0(>o<)0/真的学习/UCB/CS 184_ Computer Graphics/projects/final_project/build/CMakeFiles/CMakeTmp/CheckSymbolExists.c"
Linking C executable cmTC_f481c
/usr/local/bin/cmake -E cmake_link_script CMakeFiles/cmTC_f481c.dir/link.txt --verbose=1
/usr/bin/cc      -rdynamic CMakeFiles/cmTC_f481c.dir/CheckSymbolExists.c.o  -o cmTC_f481c 
CMakeFiles/cmTC_f481c.dir/CheckSymbolExists.c.o：在函数‘main’中：
CheckSymbolExists.c:(.text+0x1b)：对‘pthread_create’未定义的引用
collect2: error: ld returned 1 exit status
CMakeFiles/cmTC_f481c.dir/build.make:86: recipe for target 'cmTC_f481c' failed
make[1]: *** [cmTC_f481c] Error 1
make[1]: 离开目录“/media/nagatoyuki/studying!!!0(>o<)0/真的学习/UCB/CS 184_ Computer Graphics/projects/final_project/build/CMakeFiles/CMakeTmp”
Makefile:121: recipe for target 'cmTC_f481c/fast' failed
make: *** [cmTC_f481c/fast] Error 2

File /media/nagatoyuki/studying!!!0(>o<)0/真的学习/UCB/CS 184_ Computer Graphics/projects/final_project/build/CMakeFiles/CMakeTmp/CheckSymbolExists.c:
/* */
#include <pthread.h>

int main(int argc, char** argv)
{
  (void)argv;
#ifndef pthread_create
  return ((int*)(&pthread_create))[argc];
#else
  (void)argc;
  return 0;
#endif
}

Determining if the function pthread_create exists in the pthreads failed with the following output:
Change Dir: /media/nagatoyuki/studying!!!0(>o<)0/真的学习/UCB/CS 184_ Computer Graphics/projects/final_project/build/CMakeFiles/CMakeTmp

Run Build Command(s):/usr/bin/make cmTC_76e8d/fast 
/usr/bin/make -f CMakeFiles/cmTC_76e8d.dir/build.make CMakeFiles/cmTC_76e8d.dir/build
make[1]: 进入目录“/media/nagatoyuki/studying!!!0(>o<)0/真的学习/UCB/CS 184_ Computer Graphics/projects/final_project/build/CMakeFiles/CMakeTmp”
Building C object CMakeFiles/cmTC_76e8d.dir/CheckFunctionExists.c.o
/usr/bin/cc   -DCHECK_FUNCTION_EXISTS=pthread_create   -o CMakeFiles/cmTC_76e8d.dir/CheckFunctionExists.c.o   -c /usr/local/share/cmake-3.14/Modules/CheckFunctionExists.c
Linking C executable cmTC_76e8d
/usr/local/bin/cmake -E cmake_link_script CMakeFiles/cmTC_76e8d.dir/link.txt --verbose=1
/usr/bin/cc  -DCHECK_FUNCTION_EXISTS=pthread_create    -rdynamic CMakeFiles/cmTC_76e8d.dir/CheckFunctionExists.c.o  -o cmTC_76e8d -lpthreads 
/usr/bin/ld: 找不到 -lpthreads
collect2: error: ld returned 1 exit status
CMakeFiles/cmTC_76e8d.dir/build.make:86: recipe for target 'cmTC_76e8d' failed
make[1]: *** [cmTC_76e8d] Error 1
make[1]: 离开目录“/media/nagatoyuki/studying!!!0(>o<)0/真的学习/UCB/CS 184_ Computer Graphics/projects/final_project/build/CMakeFiles/CMakeTmp”
Makefile:121: recipe for target 'cmTC_76e8d/fast' failed
make: *** [cmTC_76e8d/fast] Error 2


Determining if the function glXGetProcAddressEXT exists failed with the following output:
Change Dir: /media/nagatoyuki/studying!!!0(>o<)0/真的学习/UCB/CS 184_ Computer Graphics/projects/final_project/build/CMakeFiles/CMakeTmp

Run Build Command(s):/usr/bin/make cmTC_ec5ee/fast 
/usr/bin/make -f CMakeFiles/cmTC_ec5ee.dir/build.make CMakeFiles/cmTC_ec5ee.dir/build
make[1]: 进入目录“/media/nagatoyuki/studying!!!0(>o<)0/真的学习/UCB/CS 184_ Computer Graphics/projects/final_project/build/CMakeFiles/CMakeTmp”
Building C object CMakeFiles/cmTC_ec5ee.dir/CheckFunctionExists.c.o
/usr/bin/cc   -DCHECK_FUNCTION_EXISTS=glXGetProcAddressEXT   -o CMakeFiles/cmTC_ec5ee.dir/CheckFunctionExists.c.o   -c /usr/local/share/cmake-3.14/Modules/CheckFunctionExists.c
Linking C executable cmTC_ec5ee
/usr/local/bin/cmake -E cmake_link_script CMakeFiles/cmTC_ec5ee.dir/link.txt --verbose=1
/usr/bin/cc  -DCHECK_FUNCTION_EXISTS=glXGetProcAddressEXT    -rdynamic CMakeFiles/cmTC_ec5ee.dir/CheckFunctionExists.c.o  -o cmTC_ec5ee /usr/lib/x86_64-linux-gnu/libGL.so 
CMakeFiles/cmTC_ec5ee.dir/CheckFunctionExists.c.o：在函数‘main’中：
CheckFunctionExists.c:(.text+0x10)：对‘glXGetProcAddressEXT’未定义的引用
collect2: error: ld returned 1 exit status
CMakeFiles/cmTC_ec5ee.dir/build.make:87: recipe for target 'cmTC_ec5ee' failed
make[1]: *** [cmTC_ec5ee] Error 1
make[1]: 离开目录“/media/nagatoyuki/studying!!!0(>o<)0/真的学习/UCB/CS 184_ Computer Graphics/projects/final_project/build/CMakeFiles/CMakeTmp”
Makefile:121: recipe for target 'cmTC_ec5ee/fast' failed
make: *** [cmTC_ec5ee/fast] Error 2


